This is pdfTeX, Version 3.14159265-2.6-1.40.18 (TeX Live 2017/W32TeX) (preloaded format=pdflatex 2018.1.26)  27 JAN 2018 21:18
entering extended mode
 restricted \write18 enabled.
 %&-line parsing enabled.
**"./firstdocument3 mathformula.tex"
(./firstdocument3 mathformula.tex
LaTeX2e <2017-04-15>
Babel <3.10> and hyphenation patterns for 84 language(s) loaded.
(e:/texlive/2017/texmf-dist/tex/latex/base/book.cls
Document Class: book 2014/09/29 v1.4h Standard LaTeX document class
(e:/texlive/2017/texmf-dist/tex/latex/base/bk10.clo
File: bk10.clo 2014/09/29 v1.4h Standard LaTeX file (size option)
)
\c@part=\count79
\c@chapter=\count80
\c@section=\count81
\c@subsection=\count82
\c@subsubsection=\count83
\c@paragraph=\count84
\c@subparagraph=\count85
\c@figure=\count86
\c@table=\count87
\abovecaptionskip=\skip41
\belowcaptionskip=\skip42
\bibindent=\dimen102
)
(e:/texlive/2017/texmf-dist/tex/latex/amsmath/amsmath.sty
Package: amsmath 2016/11/05 v2.16a AMS math features
\@mathmargin=\skip43

For additional information on amsmath, use the `?' option.
(e:/texlive/2017/texmf-dist/tex/latex/amsmath/amstext.sty
Package: amstext 2000/06/29 v2.01 AMS text

(e:/texlive/2017/texmf-dist/tex/latex/amsmath/amsgen.sty
File: amsgen.sty 1999/11/30 v2.0 generic functions
\@emptytoks=\toks14
\ex@=\dimen103
))
(e:/texlive/2017/texmf-dist/tex/latex/amsmath/amsbsy.sty
Package: amsbsy 1999/11/29 v1.2d Bold Symbols
\pmbraise@=\dimen104
)
(e:/texlive/2017/texmf-dist/tex/latex/amsmath/amsopn.sty
Package: amsopn 2016/03/08 v2.02 operator names
)
\inf@bad=\count88
LaTeX Info: Redefining \frac on input line 213.
\uproot@=\count89
\leftroot@=\count90
LaTeX Info: Redefining \overline on input line 375.
\classnum@=\count91
\DOTSCASE@=\count92
LaTeX Info: Redefining \ldots on input line 472.
LaTeX Info: Redefining \dots on input line 475.
LaTeX Info: Redefining \cdots on input line 596.
\Mathstrutbox@=\box26
\strutbox@=\box27
\big@size=\dimen105
LaTeX Font Info:    Redeclaring font encoding OML on input line 712.
LaTeX Font Info:    Redeclaring font encoding OMS on input line 713.
\macc@depth=\count93
\c@MaxMatrixCols=\count94
\dotsspace@=\muskip10
\c@parentequation=\count95
\dspbrk@lvl=\count96
\tag@help=\toks15
\row@=\count97
\column@=\count98
\maxfields@=\count99
\andhelp@=\toks16
\eqnshift@=\dimen106
\alignsep@=\dimen107
\tagshift@=\dimen108
\tagwidth@=\dimen109
\totwidth@=\dimen110
\lineht@=\dimen111
\@envbody=\toks17
\multlinegap=\skip44
\multlinetaggap=\skip45
\mathdisplay@stack=\toks18
LaTeX Info: Redefining \[ on input line 2817.
LaTeX Info: Redefining \] on input line 2818.
)
(./firstdocument3 mathformula.aux)
\openout1 = `"firstdocument3 mathformula.aux"'.

LaTeX Font Info:    Checking defaults for OML/cmm/m/it on input line 13.
LaTeX Font Info:    ... okay on input line 13.
LaTeX Font Info:    Checking defaults for T1/cmr/m/n on input line 13.
LaTeX Font Info:    ... okay on input line 13.
LaTeX Font Info:    Checking defaults for OT1/cmr/m/n on input line 13.
LaTeX Font Info:    ... okay on input line 13.
LaTeX Font Info:    Checking defaults for OMS/cmsy/m/n on input line 13.
LaTeX Font Info:    ... okay on input line 13.
LaTeX Font Info:    Checking defaults for OMX/cmex/m/n on input line 13.
LaTeX Font Info:    ... okay on input line 13.
LaTeX Font Info:    Checking defaults for U/cmr/m/n on input line 13.
LaTeX Font Info:    ... okay on input line 13.

Chapter 1.
[1


{e:/texlive/2017/texmf-var/fonts/map/pdftex/updmap/pdftex.map}] [2

]
Chapter 2.
[3] (./firstdocument3 mathformula.aux) ) 
Here is how much of TeX's memory you used:
 851 strings out of 492995
 9617 string characters out of 6136402
 65683 words of memory out of 5000000
 4468 multiletter control sequences out of 15000+600000
 5965 words of font info for 22 fonts, out of 8000000 for 9000
 1141 hyphenation exceptions out of 8191
 27i,5n,20p,228b,145s stack positions out of 5000i,500n,10000p,200000b,80000s
<e:/texlive/2017/texmf-dist/fonts/type1
/public/amsfonts/cm/cmbx12.pfb><e:/texlive/2017/texmf-dist/fonts/type1/public/a
msfonts/cm/cmex10.pfb><e:/texlive/2017/texmf-dist/fonts/type1/public/amsfonts/c
m/cmmi10.pfb><e:/texlive/2017/texmf-dist/fonts/type1/public/amsfonts/cm/cmmi7.p
fb><e:/texlive/2017/texmf-dist/fonts/type1/public/amsfonts/cm/cmr10.pfb><e:/tex
live/2017/texmf-dist/fonts/type1/public/amsfonts/cm/cmr5.pfb><e:/texlive/2017/t
exmf-dist/fonts/type1/public/amsfonts/cm/cmr7.pfb><e:/texlive/2017/texmf-dist/f
onts/type1/public/amsfonts/cm/cmsl10.pfb><e:/texlive/2017/texmf-dist/fonts/type
1/public/amsfonts/cm/cmsy10.pfb><e:/texlive/2017/texmf-dist/fonts/type1/public/
amsfonts/cm/cmsy7.pfb>
Output written on "firstdocument3 mathformula.pdf" (3 pages, 90365 bytes).
PDF statistics:
 54 PDF objects out of 1000 (max. 8388607)
 38 compressed objects within 1 object stream
 0 named destinations out of 1000 (max. 500000)
 1 words of extra memory for PDF output out of 10000 (max. 10000000)

