\BOOKMARK [0][-]{chapter.1}{第1章  导论}{}% 1
\BOOKMARK [1][-]{section.1.1}{1.1 介绍研究（国内外研究的现状）}{chapter.1}% 2
\BOOKMARK [1][-]{section.1.2}{1.2 研究目的}{chapter.1}% 3
\BOOKMARK [1][-]{section.1.3}{1.3 理论基础}{chapter.1}% 4
\BOOKMARK [1][-]{section.1.4}{1.4 提出问题或假设}{chapter.1}% 5
\BOOKMARK [1][-]{section.1.5}{1.5 适用范围和局限}{chapter.1}% 6
\BOOKMARK [1][-]{section.1.6}{1.6 提供定义}{chapter.1}% 7
\BOOKMARK [1][-]{section.1.7}{1.7 研究问题的背景}{chapter.1}% 8
\BOOKMARK [1][-]{section.1.8}{1.8 研究程序（拟采取的研究路线）}{chapter.1}% 9
\BOOKMARK [1][-]{section.1.9}{1.9 进度安排}{chapter.1}% 10
\BOOKMARK [0][-]{chapter.2}{第2章  文献综述}{}% 11
\BOOKMARK [1][-]{section.2.1}{2.1 文献综述（2000字以上，列出主要参考文献）}{chapter.2}% 12
\BOOKMARK [0][-]{chapter.3}{第3章  外文翻译}{}% 13
\BOOKMARK [1][-]{section.3.1}{3.1 外文文献翻译（请标出原文出处，译文4000汉字以上，要求外文文献与论文内容相关）}{chapter.3}% 14
\BOOKMARK [0][-]{chapter.4}{第4章  评语}{}% 15
\BOOKMARK [1][-]{section.4.1}{4.1 指导教师评语}{chapter.4}% 16
\BOOKMARK [0][-]{chapter.5}{第5章  工作记录}{}% 17
\BOOKMARK [1][-]{section.5.1}{5.1 第一周}{chapter.5}% 18
\BOOKMARK [1][-]{section.5.2}{5.2 第二周}{chapter.5}% 19
\BOOKMARK [1][-]{section.5.3}{5.3 第三周}{chapter.5}% 20
\BOOKMARK [0][-]{section*.2}{参考文献}{}% 21
