This is XeTeX, Version 3.14159265-2.6-0.99998 (TeX Live 2017/W32TeX) (preloaded format=xelatex 2018.1.26)  7 NOV 2018 19:33
entering extended mode
 restricted \write18 enabled.
 %&-line parsing enabled.
**./Latex_arragement_new_1.tex
(./Latex_arragement_new_1.tex
LaTeX2e <2017-04-15>
Babel <3.10> and hyphenation patterns for 84 language(s) loaded.
(e:/texlive/2017/texmf-dist/tex/latex/base/book.cls
Document Class: book 2014/09/29 v1.4h Standard LaTeX document class
(e:/texlive/2017/texmf-dist/tex/latex/base/bk10.clo
File: bk10.clo 2014/09/29 v1.4h Standard LaTeX file (size option)
)
\c@part=\count79
\c@chapter=\count80
\c@section=\count81
\c@subsection=\count82
\c@subsubsection=\count83
\c@paragraph=\count84
\c@subparagraph=\count85
\c@figure=\count86
\c@table=\count87
\abovecaptionskip=\skip41
\belowcaptionskip=\skip42
\bibindent=\dimen102
)
(e:/texlive/2017/texmf-dist/tex/latex/jknapltx/mathrsfs.sty
Package: mathrsfs 1996/01/01 Math RSFS package v1.0 (jk)
\symrsfs=\mathgroup4
)
(e:/texlive/2017/texmf-dist/tex/latex/amsmath/amsmath.sty
Package: amsmath 2016/11/05 v2.16a AMS math features
\@mathmargin=\skip43

For additional information on amsmath, use the `?' option.
(e:/texlive/2017/texmf-dist/tex/latex/amsmath/amstext.sty
Package: amstext 2000/06/29 v2.01 AMS text

(e:/texlive/2017/texmf-dist/tex/latex/amsmath/amsgen.sty
File: amsgen.sty 1999/11/30 v2.0 generic functions
\@emptytoks=\toks14
\ex@=\dimen103
))
(e:/texlive/2017/texmf-dist/tex/latex/amsmath/amsbsy.sty
Package: amsbsy 1999/11/29 v1.2d Bold Symbols
\pmbraise@=\dimen104
)
(e:/texlive/2017/texmf-dist/tex/latex/amsmath/amsopn.sty
Package: amsopn 2016/03/08 v2.02 operator names
)
\inf@bad=\count88
LaTeX Info: Redefining \frac on input line 213.
\uproot@=\count89
\leftroot@=\count90
LaTeX Info: Redefining \overline on input line 375.
\classnum@=\count91
\DOTSCASE@=\count92
LaTeX Info: Redefining \ldots on input line 472.
LaTeX Info: Redefining \dots on input line 475.
LaTeX Info: Redefining \cdots on input line 596.
\Mathstrutbox@=\box26
\strutbox@=\box27
\big@size=\dimen105
LaTeX Font Info:    Redeclaring font encoding OML on input line 712.
LaTeX Font Info:    Redeclaring font encoding OMS on input line 713.
\macc@depth=\count93
\c@MaxMatrixCols=\count94
\dotsspace@=\muskip10
\c@parentequation=\count95
\dspbrk@lvl=\count96
\tag@help=\toks15
\row@=\count97
\column@=\count98
\maxfields@=\count99
\andhelp@=\toks16
\eqnshift@=\dimen106
\alignsep@=\dimen107
\tagshift@=\dimen108
\tagwidth@=\dimen109
\totwidth@=\dimen110
\lineht@=\dimen111
\@envbody=\toks17
\multlinegap=\skip44
\multlinetaggap=\skip45
\mathdisplay@stack=\toks18
LaTeX Info: Redefining \[ on input line 2817.
LaTeX Info: Redefining \] on input line 2818.
)
(e:/texlive/2017/texmf-dist/tex/latex/amsfonts/amssymb.sty
Package: amssymb 2013/01/14 v3.01 AMS font symbols

(e:/texlive/2017/texmf-dist/tex/latex/amsfonts/amsfonts.sty
Package: amsfonts 2013/01/14 v3.01 Basic AMSFonts support
\symAMSa=\mathgroup5
\symAMSb=\mathgroup6
LaTeX Font Info:    Overwriting math alphabet `\mathfrak' in version `bold'
(Font)                  U/euf/m/n --> U/euf/b/n on input line 106.
))
(e:/texlive/2017/texmf-dist/tex/latex/amscls/amsthm.sty
Package: amsthm 2015/03/04 v2.20.2
\thm@style=\toks19
\thm@bodyfont=\toks20
\thm@headfont=\toks21
\thm@notefont=\toks22
\thm@headpunct=\toks23
\thm@preskip=\skip46
\thm@postskip=\skip47
\thm@headsep=\skip48
\dth@everypar=\toks24
)
(e:/texlive/2017/texmf-dist/tex/latex/mathtools/mathtools.sty
Package: mathtools 2015/11/12 v1.18 mathematical typesetting tools

(e:/texlive/2017/texmf-dist/tex/latex/graphics/keyval.sty
Package: keyval 2014/10/28 v1.15 key=value parser (DPC)
\KV@toks@=\toks25
)
(e:/texlive/2017/texmf-dist/tex/latex/tools/calc.sty
Package: calc 2014/10/28 v4.3 Infix arithmetic (KKT,FJ)
\calc@Acount=\count100
\calc@Bcount=\count101
\calc@Adimen=\dimen112
\calc@Bdimen=\dimen113
\calc@Askip=\skip49
\calc@Bskip=\skip50
LaTeX Info: Redefining \setlength on input line 80.
LaTeX Info: Redefining \addtolength on input line 81.
\calc@Ccount=\count102
\calc@Cskip=\skip51
)
(e:/texlive/2017/texmf-dist/tex/latex/mathtools/mhsetup.sty
Package: mhsetup 2010/01/21 v1.2a programming setup (MH)
)
LaTeX Info: Thecontrolsequence`\('isalreadyrobust on input line 129.
LaTeX Info: Thecontrolsequence`\)'isalreadyrobust on input line 129.
LaTeX Info: Thecontrolsequence`\['isalreadyrobust on input line 129.
LaTeX Info: Thecontrolsequence`\]'isalreadyrobust on input line 129.
\g_MT_multlinerow_int=\count103
\l_MT_multwidth_dim=\dimen114
\origjot=\skip52
\l_MT_shortvdotswithinadjustabove_dim=\dimen115
\l_MT_shortvdotswithinadjustbelow_dim=\dimen116
\l_MT_above_intertext_sep=\dimen117
\l_MT_below_intertext_sep=\dimen118
\l_MT_above_shortintertext_sep=\dimen119
\l_MT_below_shortintertext_sep=\dimen120
)
(e:/texlive/2017/texmf-dist/tex/latex/t2/mathtext.sty
Package: mathtext 1999/01/28 v1.0 transparent text-and-math defs
LaTeX Info: Redefining \halign on input line 111.
)
(e:/texlive/2017/texmf-dist/tex/latex/easy/easybmat.sty
Document Style `easybmat' v1.0 <2001/06/13>.
(e:/texlive/2017/texmf-dist/tex/latex/easy/easy.sty
Document Style `easy' v1.1 <2001/05/31>.
Package: easy 2001/05/31 v1.1
\@easy@level=\count104
\@easy@ncol=\count105
\@easy@nrow=\count106
\@easy@cnt=\count107
\@easy@boxviii=\box28
\@easy@minxviii=\dimen121
\@easy@minyviii=\dimen122
\@easy@maxxviii=\dimen123
\@easy@maxyviii=\dimen124
\@easy@boxvii=\box29
\@easy@minxvii=\dimen125
\@easy@minyvii=\dimen126
\@easy@maxxvii=\dimen127
\@easy@maxyvii=\dimen128
\@easy@boxvi=\box30
\@easy@minxvi=\dimen129
\@easy@minyvi=\dimen130
\@easy@maxxvi=\dimen131
\@easy@maxyvi=\dimen132
\@easy@boxv=\box31
\@easy@minxv=\dimen133
\@easy@minyv=\dimen134
\@easy@maxxv=\dimen135
\@easy@maxyv=\dimen136
\@easy@boxiv=\box32
\@easy@minxiv=\dimen137
\@easy@minyiv=\dimen138
\@easy@maxxiv=\dimen139
\@easy@maxyiv=\dimen140
\@easy@boxiii=\box33
\@easy@minxiii=\dimen141
\@easy@minyiii=\dimen142
\@easy@maxxiii=\dimen143
\@easy@maxyiii=\dimen144
\@easy@boxii=\box34
\@easy@minxii=\dimen145
\@easy@minyii=\dimen146
\@easy@maxxii=\dimen147
\@easy@maxyii=\dimen148
\@easy@boxi=\box35
\@easy@minxi=\dimen149
\@easy@minyi=\dimen150
\@easy@maxxi=\dimen151
\@easy@maxyi=\dimen152
\@easy@hsizexxx=\dimen153
\@easy@vsizexxx=\dimen154
\@easy@hsizexxix=\dimen155
\@easy@vsizexxix=\dimen156
\@easy@hsizexxviii=\dimen157
\@easy@vsizexxviii=\dimen158
\@easy@hsizexxvii=\dimen159
\@easy@vsizexxvii=\dimen160
\@easy@hsizexxvi=\dimen161
\@easy@vsizexxvi=\dimen162
\@easy@hsizexxv=\dimen163
\@easy@vsizexxv=\dimen164
\@easy@hsizexxiv=\dimen165
\@easy@vsizexxiv=\dimen166
\@easy@hsizexxiii=\dimen167
\@easy@vsizexxiii=\dimen168
\@easy@hsizexxii=\dimen169
\@easy@vsizexxii=\dimen170
\@easy@hsizexxi=\dimen171
\@easy@vsizexxi=\dimen172
\@easy@hsizexx=\dimen173
\@easy@vsizexx=\dimen174
\@easy@hsizexix=\dimen175
\@easy@vsizexix=\dimen176
\@easy@hsizexviii=\dimen177
\@easy@vsizexviii=\dimen178
\@easy@hsizexvii=\dimen179
\@easy@vsizexvii=\dimen180
\@easy@hsizexvi=\dimen181
\@easy@vsizexvi=\dimen182
\@easy@hsizexv=\dimen183
\@easy@vsizexv=\dimen184
\@easy@hsizexiv=\dimen185
\@easy@vsizexiv=\dimen186
\@easy@hsizexiii=\dimen187
\@easy@vsizexiii=\dimen188
\@easy@hsizexii=\dimen189
\@easy@vsizexii=\dimen190
\@easy@hsizexi=\dimen191
\@easy@vsizexi=\dimen192
\@easy@hsizex=\dimen193
\@easy@vsizex=\dimen194
\@easy@hsizeix=\dimen195
\@easy@vsizeix=\dimen196
\@easy@hsizeviii=\dimen197
\@easy@vsizeviii=\dimen198
\@easy@hsizevii=\dimen199
\@easy@vsizevii=\dimen256
\@easy@hsizevi=\dimen257
\@easy@vsizevi=\dimen258
\@easy@hsizev=\dimen259
\@easy@vsizev=\dimen260
\@easy@hsizeiv=\dimen261
\@easy@vsizeiv=\dimen262
\@easy@hsizeiii=\dimen263
\@easy@vsizeiii=\dimen264
\@easy@hsizeii=\dimen265
\@easy@vsizeii=\dimen266
\@easy@hsizei=\dimen267
\@easy@vsizei=\dimen268
\@easy@dash@len=\dimen269
\@easy@dash@sep=\dimen270
)
Package: easybmat 2001/05/31 v1.1
\@bmat@size@rule=\dimen271
\@bmat@size@dash=\dimen272
) (./Latex_arragement_new_1.aux)
\openout1 = `Latex_arragement_new_1.aux'.

LaTeX Font Info:    Checking defaults for OML/cmm/m/it on input line 10.
LaTeX Font Info:    ... okay on input line 10.
LaTeX Font Info:    Checking defaults for T1/cmr/m/n on input line 10.
LaTeX Font Info:    ... okay on input line 10.
LaTeX Font Info:    Checking defaults for OT1/cmr/m/n on input line 10.
LaTeX Font Info:    ... okay on input line 10.
LaTeX Font Info:    Checking defaults for OMS/cmsy/m/n on input line 10.
LaTeX Font Info:    ... okay on input line 10.
LaTeX Font Info:    Checking defaults for TU/lmr/m/n on input line 10.
LaTeX Font Info:    ... okay on input line 10.
LaTeX Font Info:    Checking defaults for OMX/cmex/m/n on input line 10.
LaTeX Font Info:    ... okay on input line 10.
LaTeX Font Info:    Checking defaults for U/cmr/m/n on input line 10.
LaTeX Font Info:    ... okay on input line 10.

(e:/texlive/2017/texmf-dist/tex/latex/graphics/graphicx.sty
Package: graphicx 2014/10/28 v1.0g Enhanced LaTeX Graphics (DPC,SPQR)

(e:/texlive/2017/texmf-dist/tex/latex/graphics/graphics.sty
Package: graphics 2017/04/14 v1.1b Standard LaTeX Graphics (DPC,SPQR)

(e:/texlive/2017/texmf-dist/tex/latex/graphics/trig.sty
Package: trig 2016/01/03 v1.10 sin cos tan (DPC)
)
(e:/texlive/2017/texmf-dist/tex/latex/graphics-cfg/graphics.cfg
File: graphics.cfg 2016/06/04 v1.11 sample graphics configuration
)
Package graphics Info: Driver file: xetex.def on input line 99.

(e:/texlive/2017/texmf-dist/tex/latex/graphics-def/xetex.def
File: xetex.def 2016/07/11 v4.10 LaTeX color/graphics driver for XeTeX (L3/RRM/
JK)
))
\Gin@req@height=\dimen273
\Gin@req@width=\dimen274
)
Chapter 1.
LaTeX Font Info:    Try loading font information for U+rsfs on input line 12.
(e:/texlive/2017/texmf-dist/tex/latex/jknapltx/ursfs.fd
File: ursfs.fd 1998/03/24 rsfs font definition file (jk)
)
LaTeX Font Info:    Try loading font information for U+msa on input line 12.

(e:/texlive/2017/texmf-dist/tex/latex/amsfonts/umsa.fd
File: umsa.fd 2013/01/14 v3.01 AMS symbols A
)
LaTeX Font Info:    Try loading font information for U+msb on input line 12.

(e:/texlive/2017/texmf-dist/tex/latex/amsfonts/umsb.fd
File: umsb.fd 2013/01/14 v3.01 AMS symbols B
)
Missing character: There is no 常 in font [lmroman10-regular]:mapping=tex-text;!
Missing character: There is no 数 in font [lmroman10-regular]:mapping=tex-text;!
Missing character: There is no 常 in font [lmroman10-regular]:mapping=tex-text;!
Missing character: There is no 数 in font [lmroman10-regular]:mapping=tex-text;!
Missing character: There is no 常 in font [lmroman7-regular]:mapping=tex-text;!
Missing character: There is no 数 in font [lmroman7-regular]:mapping=tex-text;!
Missing character: There is no 常 in font [lmroman5-regular]:mapping=tex-text;!
Missing character: There is no 数 in font [lmroman5-regular]:mapping=tex-text;!
Missing character: There is no 直 in font [lmroman10-regular]:mapping=tex-text;!
Missing character: There is no 线 in font [lmroman10-regular]:mapping=tex-text;!
Missing character: There is no 直 in font [lmroman10-regular]:mapping=tex-text;!
Missing character: There is no 线 in font [lmroman10-regular]:mapping=tex-text;!
Missing character: There is no 直 in font [lmroman7-regular]:mapping=tex-text;!
Missing character: There is no 线 in font [lmroman7-regular]:mapping=tex-text;!
Missing character: There is no 直 in font [lmroman5-regular]:mapping=tex-text;!
Missing character: There is no 线 in font [lmroman5-regular]:mapping=tex-text;!
Missing character: There is no 抛 in font [lmroman10-regular]:mapping=tex-text;!
Missing character: There is no 物 in font [lmroman10-regular]:mapping=tex-text;!
Missing character: There is no 线 in font [lmroman10-regular]:mapping=tex-text;!
Missing character: There is no 抛 in font [lmroman10-regular]:mapping=tex-text;!
Missing character: There is no 物 in font [lmroman10-regular]:mapping=tex-text;!
Missing character: There is no 线 in font [lmroman10-regular]:mapping=tex-text;!
Missing character: There is no 抛 in font [lmroman7-regular]:mapping=tex-text;!
Missing character: There is no 物 in font [lmroman7-regular]:mapping=tex-text;!
Missing character: There is no 线 in font [lmroman7-regular]:mapping=tex-text;!
Missing character: There is no 抛 in font [lmroman5-regular]:mapping=tex-text;!
Missing character: There is no 物 in font [lmroman5-regular]:mapping=tex-text;!
Missing character: There is no 线 in font [lmroman5-regular]:mapping=tex-text;!
Missing character: There is no 多 in font [lmroman10-regular]:mapping=tex-text;!
Missing character: There is no 项 in font [lmroman10-regular]:mapping=tex-text;!
Missing character: There is no 式 in font [lmroman10-regular]:mapping=tex-text;!
Missing character: There is no 多 in font [lmroman10-regular]:mapping=tex-text;!
Missing character: There is no 项 in font [lmroman10-regular]:mapping=tex-text;!
Missing character: There is no 式 in font [lmroman10-regular]:mapping=tex-text;!
Missing character: There is no 多 in font [lmroman7-regular]:mapping=tex-text;!
Missing character: There is no 项 in font [lmroman7-regular]:mapping=tex-text;!
Missing character: There is no 式 in font [lmroman7-regular]:mapping=tex-text;!
Missing character: There is no 多 in font [lmroman5-regular]:mapping=tex-text;!
Missing character: There is no 项 in font [lmroman5-regular]:mapping=tex-text;!
Missing character: There is no 式 in font [lmroman5-regular]:mapping=tex-text;!
Missing character: There is no 常 in font [lmroman10-regular]:mapping=tex-text;!
Missing character: There is no 数 in font [lmroman10-regular]:mapping=tex-text;!
Missing character: There is no 常 in font [lmroman10-regular]:mapping=tex-text;!
Missing character: There is no 数 in font [lmroman10-regular]:mapping=tex-text;!
Missing character: There is no 常 in font [lmroman7-regular]:mapping=tex-text;!
Missing character: There is no 数 in font [lmroman7-regular]:mapping=tex-text;!
Missing character: There is no 常 in font [lmroman5-regular]:mapping=tex-text;!
Missing character: There is no 数 in font [lmroman5-regular]:mapping=tex-text;!
Missing character: There is no 直 in font [lmroman10-regular]:mapping=tex-text;!
Missing character: There is no 线 in font [lmroman10-regular]:mapping=tex-text;!
Missing character: There is no 直 in font [lmroman10-regular]:mapping=tex-text;!
Missing character: There is no 线 in font [lmroman10-regular]:mapping=tex-text;!
Missing character: There is no 直 in font [lmroman7-regular]:mapping=tex-text;!
Missing character: There is no 线 in font [lmroman7-regular]:mapping=tex-text;!
Missing character: There is no 直 in font [lmroman5-regular]:mapping=tex-text;!
Missing character: There is no 线 in font [lmroman5-regular]:mapping=tex-text;!
Missing character: There is no 抛 in font [lmroman10-regular]:mapping=tex-text;!
Missing character: There is no 物 in font [lmroman10-regular]:mapping=tex-text;!
Missing character: There is no 线 in font [lmroman10-regular]:mapping=tex-text;!
Missing character: There is no 抛 in font [lmroman10-regular]:mapping=tex-text;!
Missing character: There is no 物 in font [lmroman10-regular]:mapping=tex-text;!
Missing character: There is no 线 in font [lmroman10-regular]:mapping=tex-text;!
Missing character: There is no 抛 in font [lmroman7-regular]:mapping=tex-text;!
Missing character: There is no 物 in font [lmroman7-regular]:mapping=tex-text;!
Missing character: There is no 线 in font [lmroman7-regular]:mapping=tex-text;!
Missing character: There is no 抛 in font [lmroman5-regular]:mapping=tex-text;!
Missing character: There is no 物 in font [lmroman5-regular]:mapping=tex-text;!
Missing character: There is no 线 in font [lmroman5-regular]:mapping=tex-text;!
Missing character: There is no 多 in font [lmroman10-regular]:mapping=tex-text;!
Missing character: There is no 项 in font [lmroman10-regular]:mapping=tex-text;!
Missing character: There is no 式 in font [lmroman10-regular]:mapping=tex-text;!
Missing character: There is no 多 in font [lmroman10-regular]:mapping=tex-text;!
Missing character: There is no 项 in font [lmroman10-regular]:mapping=tex-text;!
Missing character: There is no 式 in font [lmroman10-regular]:mapping=tex-text;!
Missing character: There is no 多 in font [lmroman7-regular]:mapping=tex-text;!
Missing character: There is no 项 in font [lmroman7-regular]:mapping=tex-text;!
Missing character: There is no 式 in font [lmroman7-regular]:mapping=tex-text;!
Missing character: There is no 多 in font [lmroman5-regular]:mapping=tex-text;!
Missing character: There is no 项 in font [lmroman5-regular]:mapping=tex-text;!
Missing character: There is no 式 in font [lmroman5-regular]:mapping=tex-text;!


Package amsmath Warning: Foreign command \atop;
(amsmath)                \frac or \genfrac should be used instead
(amsmath)                 on input line 33.

[1


] [2]
Chapter 2.
[3

] [4] (./Latex_arragement_new_1.aux) ) 
Here is how much of TeX's memory you used:
 2429 strings out of 493005
 32659 string characters out of 6137956
 104748 words of memory out of 5000000
 6377 multiletter control sequences out of 15000+600000
 6833 words of font info for 37 fonts, out of 8000000 for 9000
 1348 hyphenation exceptions out of 8191
 27i,22n,26p,239b,233s stack positions out of 5000i,500n,10000p,200000b,80000s

Output written on Latex_arragement_new_1.pdf (4 pages).
