\BOOKMARK [1][-]{toc1.1}{Contents}{}% 1
\BOOKMARK [1][-]{section.1}{1\040Introduction}{}% 2
\BOOKMARK [1][-]{section.2}{2\040Installation}{}% 3
\BOOKMARK [1][-]{section.3}{3\040Requirements}{}% 4
\BOOKMARK [1][-]{section.4}{4\040The\040class\040file}{}% 5
\BOOKMARK [2][-]{subsection.4.1}{4.1\040Class\040options}{section.4}% 6
\BOOKMARK [2][-]{subsection.4.2}{4.2\040Manuscript\040meta-data}{section.4}% 7
\BOOKMARK [2][-]{subsection.4.3}{4.3\040Floats}{section.4}% 8
\BOOKMARK [2][-]{subsection.4.4}{4.4\040Section\040headers}{section.4}% 9
\BOOKMARK [2][-]{subsection.4.5}{4.5\040Special\040sections}{section.4}% 10
\BOOKMARK [2][-]{subsection.4.6}{4.6\040Miscellaneous\040commands}{section.4}% 11
\BOOKMARK [1][-]{section.5}{5\040The\040package\040file}{}% 12
\BOOKMARK [2][-]{subsection.5.1}{5.1\040Package\040options}{section.5}% 13
\BOOKMARK [2][-]{subsection.5.2}{5.2\040Bibliography\040notes}{section.5}% 14
\BOOKMARK [1][-]{section.6}{6\040The\040BibTeX\040style\040files}{}% 15
\BOOKMARK [1][-]{section.7}{7\040The\040natmove\040package}{}% 16
\BOOKMARK [1][-]{section.8}{8\040Implementation}{}% 17
\BOOKMARK [2][-]{subsection.8.1}{8.1\040Early\040class-only\040code}{section.8}% 18
\BOOKMARK [2][-]{subsection.8.2}{8.2\040Early\040package-only\040code}{section.8}% 19
\BOOKMARK [2][-]{subsection.8.3}{8.3\040Common\040code}{section.8}% 20
\BOOKMARK [2][-]{subsection.8.4}{8.4\040Late\040class-only\040code}{section.8}% 21
\BOOKMARK [2][-]{subsection.8.5}{8.5\040Late\040shared\040code}{section.8}% 22
\BOOKMARK [2][-]{subsection.8.6}{8.6\040Late\040package-only\040code}{section.8}% 23
\BOOKMARK [2][-]{subsection.8.7}{8.7\040Moving\040citations\040with\040natbib}{section.8}% 24
\BOOKMARK [2][-]{subsection.8.8}{8.8\040The\040configuration\040files}{section.8}% 25
