\BOOKMARK [0][-]{chapter*.1}{摘要}{}% 1
\BOOKMARK [0][-]{chapter.1}{第1章  引言}{}% 2
\BOOKMARK [1][-]{section.1.1}{1.1 研究背景}{chapter.1}% 3
\BOOKMARK [0][-]{chapter.2}{第2章  概述}{}% 4
\BOOKMARK [1][-]{section.2.1}{2.1 视觉检测技术的相关概念}{chapter.2}% 5
\BOOKMARK [2][-]{subsection.2.1.1}{2.1.1 计算机视觉}{section.2.1}% 6
\BOOKMARK [2][-]{subsection.2.1.2}{2.1.2 广义机器视觉}{section.2.1}% 7
\BOOKMARK [2][-]{subsection.2.1.3}{2.1.3 狭义机器视觉}{section.2.1}% 8
\BOOKMARK [2][-]{subsection.2.1.4}{2.1.4 图像理解}{section.2.1}% 9
\BOOKMARK [2][-]{subsection.2.1.5}{2.1.5 图像工程}{section.2.1}% 10
\BOOKMARK [1][-]{section.2.2}{2.2 计算机视觉和机器视觉的区别}{chapter.2}% 11
\BOOKMARK [1][-]{section.2.3}{2.3  视觉检测涉及的图像处理方法}{chapter.2}% 12
\BOOKMARK [2][-]{subsection.2.3.1}{2.3.1 图像增强、降噪和滤波}{section.2.3}% 13
\BOOKMARK [2][-]{subsection.2.3.2}{2.3.2 图像分割}{section.2.3}% 14
\BOOKMARK [2][-]{subsection.2.3.3}{2.3.3 特征提取}{section.2.3}% 15
\BOOKMARK [2][-]{subsection.2.3.4}{2.3.4 缺陷分类器}{section.2.3}% 16
\BOOKMARK [2][-]{subsection.2.3.5}{2.3.5 图像识别}{section.2.3}% 17
\BOOKMARK [2][-]{subsection.2.3.6}{2.3.6 人工智能}{section.2.3}% 18
\BOOKMARK [0][-]{chapter.3}{第3章  实际应用场景}{}% 19
\BOOKMARK [1][-]{section.3.1}{3.1 机器视觉的应用}{chapter.3}% 20
\BOOKMARK [2][-]{subsection.3.1.1}{3.1.1 工业类应用 }{section.3.1}% 21
\BOOKMARK [2][-]{subsection.3.1.2}{3.1.2 消费类应用}{section.3.1}% 22
\BOOKMARK [2][-]{subsection.3.1.3}{3.1.3 机器视觉系统成像应用}{section.3.1}% 23
\BOOKMARK [1][-]{section.3.2}{3.2 计算机视觉应用领域}{chapter.3}% 24
\BOOKMARK [2][-]{subsection.3.2.1}{3.2.1 工业自动化生产线应用}{section.3.2}% 25
\BOOKMARK [2][-]{subsection.3.2.2}{3.2.2 各种检验和监视应用}{section.3.2}% 26
\BOOKMARK [2][-]{subsection.3.2.3}{3.2.3 视觉导航应用}{section.3.2}% 27
\BOOKMARK [2][-]{subsection.3.2.4}{3.2.4 人机交互应用}{section.3.2}% 28
\BOOKMARK [2][-]{subsection.3.2.5}{3.2.5 虚拟现实应用}{section.3.2}% 29
\BOOKMARK [0][-]{chapter.4}{第4章  挑战与机遇}{}% 30
\BOOKMARK [1][-]{section.4.1}{4.1  计算机视觉面临问题 }{chapter.4}% 31
\BOOKMARK [1][-]{section.4.2}{4.2 视觉检测面临的主要问题}{chapter.4}% 32
\BOOKMARK [0][-]{chapter.5}{第5章  机器视觉发展趋势与展望}{}% 33
\BOOKMARK [1][-]{section.5.1}{5.1 机器视觉系统的发展}{chapter.5}% 34
\BOOKMARK [2][-]{subsection.5.1.1}{5.1.1 机器视觉系统的发展历程}{section.5.1}% 35
\BOOKMARK [1][-]{section.5.2}{5.2 中国机器视觉系统的研究现状}{chapter.5}% 36
\BOOKMARK [2][-]{subsection.5.2.1}{5.2.1 机器视觉市场庞大}{section.5.2}% 37
\BOOKMARK [2][-]{subsection.5.2.2}{5.2.2 机器视觉系统核心技术逐步被国人掌握 }{section.5.2}% 38
\BOOKMARK [2][-]{subsection.5.2.3}{5.2.3 机器视觉在国内外的应用现状}{section.5.2}% 39
\BOOKMARK [1][-]{section.5.3}{5.3 中国机器视觉系统的发展趋势}{chapter.5}% 40
\BOOKMARK [2][-]{subsection.5.3.1}{5.3.1 对机器视觉的需求呈上升趋势 }{section.5.3}% 41
\BOOKMARK [2][-]{subsection.5.3.2}{5.3.2 统一开放的标准是基于世界发展的原动力 }{section.5.3}% 42
\BOOKMARK [2][-]{subsection.5.3.3}{5.3.3 基于嵌入式的产品将取代板卡式产品 }{section.5.3}% 43
\BOOKMARK [2][-]{subsection.5.3.4}{5.3.4 一体化解决方案是机器视觉的必经之路 }{section.5.3}% 44
